<?xml version="1.0" encoding="UTF-8"?>
<testng-results ignored="0" total="1" passed="1" failed="0" skipped="0">
  <reporter-output>
  </reporter-output>
  <suite started-at="2023-09-06T10:58:44 IST" name="Default suite" finished-at="2023-09-06T10:58:58 IST" duration-ms="13985">
    <groups>
    </groups>
    <test started-at="2023-09-06T10:58:44 IST" name="Default test" finished-at="2023-09-06T10:58:58 IST" duration-ms="13985">
      <class name="scripts.TestCase2">
        <test-method is-config="true" signature="openapp()[pri:0, instance:scripts.TestCase2@72967906]" started-at="2023-09-06T10:58:44 IST" name="openapp" finished-at="2023-09-06T10:58:48 IST" duration-ms="4182" status="PASS">
          <reporter-output>
          </reporter-output>
        </test-method> <!-- openapp -->
        <test-method signature="tc2()[pri:0, instance:scripts.TestCase2@72967906]" started-at="2023-09-06T10:58:48 IST" name="tc2" finished-at="2023-09-06T10:58:58 IST" duration-ms="9289" status="PASS">
          <reporter-output>
          </reporter-output>
        </test-method> <!-- tc2 -->
        <test-method is-config="true" signature="closeapp(org.testng.ITestResult)[pri:0, instance:scripts.TestCase2@72967906]" started-at="2023-09-06T10:58:58 IST" name="closeapp" finished-at="2023-09-06T10:58:58 IST" duration-ms="461" status="PASS">
          <params>
            <param index="0">
              <value>
                <![CDATA[[TestResult name=tc2 status=SUCCESS method=TestCase2.tc2()[pri:0, instance:scripts.TestCase2@72967906] output={null}]]]>
              </value>
            </param>
          </params>
          <reporter-output>
          </reporter-output>
        </test-method> <!-- closeapp -->
      </class> <!-- scripts.TestCase2 -->
    </test> <!-- Default test -->
  </suite> <!-- Default suite -->
</testng-results>
